2023-05-12T18:56:48.563+05:30  INFO 1368 --- [restartedMain] com.shivam.Application                   : Starting Application using Java 17.0.6 with PID 1368 (C:\Users\shivam\Documents\JRTP\02-SB-Logging-App\target\classes started by shivam in C:\Users\shivam\Documents\JRTP\02-SB-Logging-App)
2023-05-12T18:56:48.576+05:30  INFO 1368 --- [restartedMain] com.shivam.Application                   : No active profile set, falling back to 1 default profile: "default"
2023-05-12T18:56:48.737+05:30  INFO 1368 --- [restartedMain] .e.DevToolsPropertyDefaultsPostProcessor : Devtools property defaults active! Set 'spring.devtools.add-properties' to 'false' to disable
2023-05-12T18:56:48.739+05:30  INFO 1368 --- [restartedMain] .e.DevToolsPropertyDefaultsPostProcessor : For additional web related logging consider setting the 'logging.level.web' property to 'DEBUG'
2023-05-12T18:56:50.508+05:30  INFO 1368 --- [restartedMain] o.s.b.w.embedded.tomcat.TomcatWebServer  : Tomcat initialized with port(s): 9090 (http)
2023-05-12T18:56:50.530+05:30  INFO 1368 --- [restartedMain] o.apache.catalina.core.StandardService   : Starting service [Tomcat]
2023-05-12T18:56:50.530+05:30  INFO 1368 --- [restartedMain] o.apache.catalina.core.StandardEngine    : Starting Servlet engine: [Apache Tomcat/10.1.8]
2023-05-12T18:56:50.699+05:30  INFO 1368 --- [restartedMain] o.a.c.c.C.[Tomcat].[localhost].[/]       : Initializing Spring embedded WebApplicationContext
2023-05-12T18:56:50.700+05:30  INFO 1368 --- [restartedMain] w.s.c.ServletWebServerApplicationContext : Root WebApplicationContext: initialization completed in 1959 ms
2023-05-12T18:56:51.364+05:30  INFO 1368 --- [restartedMain] o.s.b.d.a.OptionalLiveReloadServer       : LiveReload server is running on port 35729
2023-05-12T18:56:51.433+05:30  INFO 1368 --- [restartedMain] o.s.b.w.embedded.tomcat.TomcatWebServer  : Tomcat started on port(s): 9090 (http) with context path ''
2023-05-12T18:56:51.455+05:30  INFO 1368 --- [restartedMain] com.shivam.Application                   : Started Application in 3.655 seconds (process running for 5.02)
2023-05-12T18:57:14.116+05:30  INFO 1368 --- [http-nio-9090-exec-1] o.a.c.c.C.[Tomcat].[localhost].[/]       : Initializing Spring DispatcherServlet 'dispatcherServlet'
2023-05-12T18:57:14.117+05:30  INFO 1368 --- [http-nio-9090-exec-1] o.s.web.servlet.DispatcherServlet        : Initializing Servlet 'dispatcherServlet'
2023-05-12T18:57:14.120+05:30  INFO 1368 --- [http-nio-9090-exec-1] o.s.web.servlet.DispatcherServlet        : Completed initialization in 2 ms
2023-05-12T18:57:14.204+05:30  INFO 1368 --- [http-nio-9090-exec-1] com.shivam.Rest.DemoRestController       : getWelcomeMsg() execution started
2023-05-12T18:57:14.205+05:30 ERROR 1368 --- [http-nio-9090-exec-1] com.shivam.Rest.DemoRestController       : Exception Occured / by zero
2023-05-12T18:57:14.206+05:30  INFO 1368 --- [http-nio-9090-exec-1] com.shivam.Rest.DemoRestController       : getWelcomeMsg() execution ended..
2023-05-12T18:58:15.990+05:30  INFO 1368 --- [RMI TCP Connection(11)-127.0.0.1] inMXBeanRegistrar$SpringApplicationAdmin : Application shutdown requested.
2023-05-12T18:58:16.019+05:30  INFO 1368 --- [RMI TCP Connection(11)-127.0.0.1] o.apache.catalina.core.StandardService   : Stopping service [Tomcat]
2023-05-12T18:58:16.021+05:30  INFO 1368 --- [RMI TCP Connection(11)-127.0.0.1] o.a.c.c.C.[Tomcat].[localhost].[/]       : Destroying Spring FrameworkServlet 'dispatcherServlet'
